<?xml version="1.0" encoding="UTF-8"?>
<testng-results ignored="0" total="1" passed="1" failed="0" skipped="0">
  <reporter-output>
  </reporter-output>
  <suite started-at="2026-04-05T16:33:55 IST" name="Default suite" finished-at="2026-04-05T16:33:59 IST" duration-ms="4765">
    <groups>
    </groups>
    <test started-at="2026-04-05T16:33:55 IST" name="Default test" finished-at="2026-04-05T16:33:59 IST" duration-ms="4765">
      <class name="DemoQA.DemoqaCheckbox">
        <test-method is-config="true" signature="login()[pri:0, instance:DemoQA.DemoqaCheckbox@14dd9eb7]" started-at="2026-04-05T16:33:55 IST" name="login" finished-at="2026-04-05T16:33:58 IST" duration-ms="3865" status="PASS">
          <reporter-output>
          </reporter-output>
        </test-method> <!-- login -->
        <test-method signature="selectcheckbox()[pri:0, instance:DemoQA.DemoqaCheckbox@14dd9eb7]" started-at="2026-04-05T16:33:59 IST" name="selectcheckbox" finished-at="2026-04-05T16:33:59 IST" duration-ms="516" status="PASS">
          <reporter-output>
          </reporter-output>
        </test-method> <!-- selectcheckbox -->
        <test-method is-config="true" signature="logout()[pri:0, instance:DemoQA.DemoqaCheckbox@14dd9eb7]" started-at="2026-04-05T16:33:59 IST" name="logout" finished-at="2026-04-05T16:33:59 IST" duration-ms="293" status="PASS">
          <reporter-output>
          </reporter-output>
        </test-method> <!-- logout -->
      </class> <!-- DemoQA.DemoqaCheckbox -->
    </test> <!-- Default test -->
  </suite> <!-- Default suite -->
</testng-results>
